2022/12/26 21:12:23 [error] [exception.CHttpException.404] CHttpException: Unable to resolve the request "assets/vendor/axios.min.map". in /home/devindiit/public_html/your_baking_connection/framework/web/CWebApplication.php:286
Stack trace:
#0 /home/devindiit/public_html/your_baking_connection/framework/web/CWebApplication.php(141): CWebApplication->runController('assets/vendor/a...')
#1 /home/devindiit/public_html/your_baking_connection/framework/base/CApplication.php(185): CWebApplication->processRequest()
#2 /home/devindiit/public_html/your_baking_connection/backoffice/index.php(17): CApplication->run()
#3 {main}
REQUEST_URI=/your_baking_connection/backoffice/assets/vendor/axios.min.map
---
2022/12/26 21:12:23 [error] [exception.CHttpException.404] CHttpException: Unable to resolve the request "assets/vendor/vuedraggable.umd.min.js.map". in /home/devindiit/public_html/your_baking_connection/framework/web/CWebApplication.php:286
Stack trace:
#0 /home/devindiit/public_html/your_baking_connection/framework/web/CWebApplication.php(141): CWebApplication->runController('assets/vendor/v...')
#1 /home/devindiit/public_html/your_baking_connection/framework/base/CApplication.php(185): CWebApplication->processRequest()
#2 /home/devindiit/public_html/your_baking_connection/backoffice/index.php(17): CApplication->run()
#3 {main}
REQUEST_URI=/your_baking_connection/backoffice/assets/vendor/vuedraggable.umd.min.js.map
---
2022/12/26 21:12:23 [error] [exception.CHttpException.404] CHttpException: Unable to resolve the request "assets/vendor/element-plus/index.full.min.js.map". in /home/devindiit/public_html/your_baking_connection/framework/web/CWebApplication.php:286
Stack trace:
#0 /home/devindiit/public_html/your_baking_connection/framework/web/CWebApplication.php(141): CWebApplication->runController('assets/vendor/e...')
#1 /home/devindiit/public_html/your_baking_connection/framework/base/CApplication.php(185): CWebApplication->processRequest()
#2 /home/devindiit/public_html/your_baking_connection/backoffice/index.php(17): CApplication->run()
#3 {main}
REQUEST_URI=/your_baking_connection/backoffice/assets/vendor/element-plus/index.full.min.js.map
---
2022/12/26 21:13:13 [error] [exception.CHttpException.404] CHttpException: Unable to resolve the request "assets/vendor/popper.min.js.map". in /home/devindiit/public_html/your_baking_connection/framework/web/CWebApplication.php:286
Stack trace:
#0 /home/devindiit/public_html/your_baking_connection/framework/web/CWebApplication.php(141): CWebApplication->runController('assets/vendor/p...')
#1 /home/devindiit/public_html/your_baking_connection/framework/base/CApplication.php(185): CWebApplication->processRequest()
#2 /home/devindiit/public_html/your_baking_connection/backoffice/index.php(17): CApplication->run()
#3 {main}
REQUEST_URI=/your_baking_connection/backoffice/assets/vendor/popper.min.js.map
---
2022/12/26 21:13:13 [error] [exception.CHttpException.404] CHttpException: Unable to resolve the request "assets/vendor/datetimepicker/moment-with-locales.min.js.map". in /home/devindiit/public_html/your_baking_connection/framework/web/CWebApplication.php:286
Stack trace:
#0 /home/devindiit/public_html/your_baking_connection/framework/web/CWebApplication.php(141): CWebApplication->runController('assets/vendor/d...')
#1 /home/devindiit/public_html/your_baking_connection/framework/base/CApplication.php(185): CWebApplication->processRequest()
#2 /home/devindiit/public_html/your_baking_connection/backoffice/index.php(17): CApplication->run()
#3 {main}
REQUEST_URI=/your_baking_connection/backoffice/assets/vendor/datetimepicker/moment-with-locales.min.js.map
---
2022/12/26 21:13:15 [error] [exception.CHttpException.404] CHttpException: Unable to resolve the request "assets/vendor/axios.min.map". in /home/devindiit/public_html/your_baking_connection/framework/web/CWebApplication.php:286
Stack trace:
#0 /home/devindiit/public_html/your_baking_connection/framework/web/CWebApplication.php(141): CWebApplication->runController('assets/vendor/a...')
#1 /home/devindiit/public_html/your_baking_connection/framework/base/CApplication.php(185): CWebApplication->processRequest()
#2 /home/devindiit/public_html/your_baking_connection/backoffice/index.php(17): CApplication->run()
#3 {main}
REQUEST_URI=/your_baking_connection/backoffice/assets/vendor/axios.min.map
---
2022/12/26 21:13:15 [error] [exception.CHttpException.404] CHttpException: Unable to resolve the request "assets/vendor/vuedraggable.umd.min.js.map". in /home/devindiit/public_html/your_baking_connection/framework/web/CWebApplication.php:286
Stack trace:
#0 /home/devindiit/public_html/your_baking_connection/framework/web/CWebApplication.php(141): CWebApplication->runController('assets/vendor/v...')
#1 /home/devindiit/public_html/your_baking_connection/framework/base/CApplication.php(185): CWebApplication->processRequest()
#2 /home/devindiit/public_html/your_baking_connection/backoffice/index.php(17): CApplication->run()
#3 {main}
REQUEST_URI=/your_baking_connection/backoffice/assets/vendor/vuedraggable.umd.min.js.map
---
2022/12/26 21:13:15 [error] [exception.CHttpException.404] CHttpException: Unable to resolve the request "assets/vendor/element-plus/index.full.min.js.map". in /home/devindiit/public_html/your_baking_connection/framework/web/CWebApplication.php:286
Stack trace:
#0 /home/devindiit/public_html/your_baking_connection/framework/web/CWebApplication.php(141): CWebApplication->runController('assets/vendor/e...')
#1 /home/devindiit/public_html/your_baking_connection/framework/base/CApplication.php(185): CWebApplication->processRequest()
#2 /home/devindiit/public_html/your_baking_connection/backoffice/index.php(17): CApplication->run()
#3 {main}
REQUEST_URI=/your_baking_connection/backoffice/assets/vendor/element-plus/index.full.min.js.map
---
2022/12/26 21:13:43 [error] [exception.CHttpException.404] CHttpException: Unable to resolve the request "assets/vendor/popper.min.js.map". in /home/devindiit/public_html/your_baking_connection/framework/web/CWebApplication.php:286
Stack trace:
#0 /home/devindiit/public_html/your_baking_connection/framework/web/CWebApplication.php(141): CWebApplication->runController('assets/vendor/p...')
#1 /home/devindiit/public_html/your_baking_connection/framework/base/CApplication.php(185): CWebApplication->processRequest()
#2 /home/devindiit/public_html/your_baking_connection/backoffice/index.php(17): CApplication->run()
#3 {main}
REQUEST_URI=/your_baking_connection/backoffice/assets/vendor/popper.min.js.map
---
2022/12/26 21:13:43 [error] [exception.CHttpException.404] CHttpException: Unable to resolve the request "assets/vendor/datetimepicker/moment-with-locales.min.js.map". in /home/devindiit/public_html/your_baking_connection/framework/web/CWebApplication.php:286
Stack trace:
#0 /home/devindiit/public_html/your_baking_connection/framework/web/CWebApplication.php(141): CWebApplication->runController('assets/vendor/d...')
#1 /home/devindiit/public_html/your_baking_connection/framework/base/CApplication.php(185): CWebApplication->processRequest()
#2 /home/devindiit/public_html/your_baking_connection/backoffice/index.php(17): CApplication->run()
#3 {main}
REQUEST_URI=/your_baking_connection/backoffice/assets/vendor/datetimepicker/moment-with-locales.min.js.map
---
2022/12/26 21:13:44 [error] [exception.CHttpException.404] CHttpException: Unable to resolve the request "assets/vendor/axios.min.map". in /home/devindiit/public_html/your_baking_connection/framework/web/CWebApplication.php:286
Stack trace:
#0 /home/devindiit/public_html/your_baking_connection/framework/web/CWebApplication.php(141): CWebApplication->runController('assets/vendor/a...')
#1 /home/devindiit/public_html/your_baking_connection/framework/base/CApplication.php(185): CWebApplication->processRequest()
#2 /home/devindiit/public_html/your_baking_connection/backoffice/index.php(17): CApplication->run()
#3 {main}
REQUEST_URI=/your_baking_connection/backoffice/assets/vendor/axios.min.map
---
2022/12/26 21:13:45 [error] [exception.CHttpException.404] CHttpException: Unable to resolve the request "assets/vendor/vuedraggable.umd.min.js.map". in /home/devindiit/public_html/your_baking_connection/framework/web/CWebApplication.php:286
Stack trace:
#0 /home/devindiit/public_html/your_baking_connection/framework/web/CWebApplication.php(141): CWebApplication->runController('assets/vendor/v...')
#1 /home/devindiit/public_html/your_baking_connection/framework/base/CApplication.php(185): CWebApplication->processRequest()
#2 /home/devindiit/public_html/your_baking_connection/backoffice/index.php(17): CApplication->run()
#3 {main}
REQUEST_URI=/your_baking_connection/backoffice/assets/vendor/vuedraggable.umd.min.js.map
---
2022/12/26 21:13:45 [error] [exception.CHttpException.404] CHttpException: Unable to resolve the request "assets/vendor/element-plus/index.full.min.js.map". in /home/devindiit/public_html/your_baking_connection/framework/web/CWebApplication.php:286
Stack trace:
#0 /home/devindiit/public_html/your_baking_connection/framework/web/CWebApplication.php(141): CWebApplication->runController('assets/vendor/e...')
#1 /home/devindiit/public_html/your_baking_connection/framework/base/CApplication.php(185): CWebApplication->processRequest()
#2 /home/devindiit/public_html/your_baking_connection/backoffice/index.php(17): CApplication->run()
#3 {main}
REQUEST_URI=/your_baking_connection/backoffice/assets/vendor/element-plus/index.full.min.js.map
---
2022/12/26 21:14:03 [error] [exception.CHttpException.404] CHttpException: Unable to resolve the request "assets/vendor/popper.min.js.map". in /home/devindiit/public_html/your_baking_connection/framework/web/CWebApplication.php:286
Stack trace:
#0 /home/devindiit/public_html/your_baking_connection/framework/web/CWebApplication.php(141): CWebApplication->runController('assets/vendor/p...')
#1 /home/devindiit/public_html/your_baking_connection/framework/base/CApplication.php(185): CWebApplication->processRequest()
#2 /home/devindiit/public_html/your_baking_connection/backoffice/index.php(17): CApplication->run()
#3 {main}
REQUEST_URI=/your_baking_connection/backoffice/assets/vendor/popper.min.js.map
---
2022/12/26 21:14:04 [error] [exception.CHttpException.404] CHttpException: Unable to resolve the request "assets/vendor/popper.min.js.map". in /home/devindiit/public_html/your_baking_connection/framework/web/CWebApplication.php:286
Stack trace:
#0 /home/devindiit/public_html/your_baking_connection/framework/web/CWebApplication.php(141): CWebApplication->runController('assets/vendor/p...')
#1 /home/devindiit/public_html/your_baking_connection/framework/base/CApplication.php(185): CWebApplication->processRequest()
#2 /home/devindiit/public_html/your_baking_connection/backoffice/index.php(17): CApplication->run()
#3 {main}
REQUEST_URI=/your_baking_connection/backoffice/assets/vendor/popper.min.js.map
---
2022/12/26 21:14:05 [error] [exception.CHttpException.404] CHttpException: Unable to resolve the request "assets/vendor/datetimepicker/moment-with-locales.min.js.map". in /home/devindiit/public_html/your_baking_connection/framework/web/CWebApplication.php:286
Stack trace:
#0 /home/devindiit/public_html/your_baking_connection/framework/web/CWebApplication.php(141): CWebApplication->runController('assets/vendor/d...')
#1 /home/devindiit/public_html/your_baking_connection/framework/base/CApplication.php(185): CWebApplication->processRequest()
#2 /home/devindiit/public_html/your_baking_connection/backoffice/index.php(17): CApplication->run()
#3 {main}
REQUEST_URI=/your_baking_connection/backoffice/assets/vendor/datetimepicker/moment-with-locales.min.js.map
---
2022/12/26 21:14:05 [error] [exception.CHttpException.404] CHttpException: Unable to resolve the request "assets/vendor/axios.min.map". in /home/devindiit/public_html/your_baking_connection/framework/web/CWebApplication.php:286
Stack trace:
#0 /home/devindiit/public_html/your_baking_connection/framework/web/CWebApplication.php(141): CWebApplication->runController('assets/vendor/a...')
#1 /home/devindiit/public_html/your_baking_connection/framework/base/CApplication.php(185): CWebApplication->processRequest()
#2 /home/devindiit/public_html/your_baking_connection/backoffice/index.php(17): CApplication->run()
#3 {main}
REQUEST_URI=/your_baking_connection/backoffice/assets/vendor/axios.min.map
---
2022/12/26 21:14:05 [error] [exception.CHttpException.404] CHttpException: Unable to resolve the request "assets/vendor/vuedraggable.umd.min.js.map". in /home/devindiit/public_html/your_baking_connection/framework/web/CWebApplication.php:286
Stack trace:
#0 /home/devindiit/public_html/your_baking_connection/framework/web/CWebApplication.php(141): CWebApplication->runController('assets/vendor/v...')
#1 /home/devindiit/public_html/your_baking_connection/framework/base/CApplication.php(185): CWebApplication->processRequest()
#2 /home/devindiit/public_html/your_baking_connection/backoffice/index.php(17): CApplication->run()
#3 {main}
REQUEST_URI=/your_baking_connection/backoffice/assets/vendor/vuedraggable.umd.min.js.map
---
2022/12/26 21:14:05 [error] [exception.CHttpException.404] CHttpException: Unable to resolve the request "assets/vendor/element-plus/index.full.min.js.map". in /home/devindiit/public_html/your_baking_connection/framework/web/CWebApplication.php:286
Stack trace:
#0 /home/devindiit/public_html/your_baking_connection/framework/web/CWebApplication.php(141): CWebApplication->runController('assets/vendor/e...')
#1 /home/devindiit/public_html/your_baking_connection/framework/base/CApplication.php(185): CWebApplication->processRequest()
#2 /home/devindiit/public_html/your_baking_connection/backoffice/index.php(17): CApplication->run()
#3 {main}
REQUEST_URI=/your_baking_connection/backoffice/assets/vendor/element-plus/index.full.min.js.map
---
2022/12/26 21:14:06 [error] [exception.CHttpException.404] CHttpException: Unable to resolve the request "assets/vendor/datetimepicker/moment-with-locales.min.js.map". in /home/devindiit/public_html/your_baking_connection/framework/web/CWebApplication.php:286
Stack trace:
#0 /home/devindiit/public_html/your_baking_connection/framework/web/CWebApplication.php(141): CWebApplication->runController('assets/vendor/d...')
#1 /home/devindiit/public_html/your_baking_connection/framework/base/CApplication.php(185): CWebApplication->processRequest()
#2 /home/devindiit/public_html/your_baking_connection/backoffice/index.php(17): CApplication->run()
#3 {main}
REQUEST_URI=/your_baking_connection/backoffice/assets/vendor/datetimepicker/moment-with-locales.min.js.map
---
2022/12/26 21:14:06 [error] [exception.CHttpException.404] CHttpException: Unable to resolve the request "assets/vendor/axios.min.map". in /home/devindiit/public_html/your_baking_connection/framework/web/CWebApplication.php:286
Stack trace:
#0 /home/devindiit/public_html/your_baking_connection/framework/web/CWebApplication.php(141): CWebApplication->runController('assets/vendor/a...')
#1 /home/devindiit/public_html/your_baking_connection/framework/base/CApplication.php(185): CWebApplication->processRequest()
#2 /home/devindiit/public_html/your_baking_connection/backoffice/index.php(17): CApplication->run()
#3 {main}
REQUEST_URI=/your_baking_connection/backoffice/assets/vendor/axios.min.map
---
2022/12/26 21:14:07 [error] [exception.CHttpException.404] CHttpException: Unable to resolve the request "assets/vendor/vuedraggable.umd.min.js.map". in /home/devindiit/public_html/your_baking_connection/framework/web/CWebApplication.php:286
Stack trace:
#0 /home/devindiit/public_html/your_baking_connection/framework/web/CWebApplication.php(141): CWebApplication->runController('assets/vendor/v...')
#1 /home/devindiit/public_html/your_baking_connection/framework/base/CApplication.php(185): CWebApplication->processRequest()
#2 /home/devindiit/public_html/your_baking_connection/backoffice/index.php(17): CApplication->run()
#3 {main}
REQUEST_URI=/your_baking_connection/backoffice/assets/vendor/vuedraggable.umd.min.js.map
---
2022/12/26 21:14:07 [error] [exception.CHttpException.404] CHttpException: Unable to resolve the request "assets/vendor/element-plus/index.full.min.js.map". in /home/devindiit/public_html/your_baking_connection/framework/web/CWebApplication.php:286
Stack trace:
#0 /home/devindiit/public_html/your_baking_connection/framework/web/CWebApplication.php(141): CWebApplication->runController('assets/vendor/e...')
#1 /home/devindiit/public_html/your_baking_connection/framework/base/CApplication.php(185): CWebApplication->processRequest()
#2 /home/devindiit/public_html/your_baking_connection/backoffice/index.php(17): CApplication->run()
#3 {main}
REQUEST_URI=/your_baking_connection/backoffice/assets/vendor/element-plus/index.full.min.js.map
---
2022/12/26 21:14:16 [error] [exception.CHttpException.404] CHttpException: Unable to resolve the request "assets/vendor/popper.min.js.map". in /home/devindiit/public_html/your_baking_connection/framework/web/CWebApplication.php:286
Stack trace:
#0 /home/devindiit/public_html/your_baking_connection/framework/web/CWebApplication.php(141): CWebApplication->runController('assets/vendor/p...')
#1 /home/devindiit/public_html/your_baking_connection/framework/base/CApplication.php(185): CWebApplication->processRequest()
#2 /home/devindiit/public_html/your_baking_connection/backoffice/index.php(17): CApplication->run()
#3 {main}
REQUEST_URI=/your_baking_connection/backoffice/assets/vendor/popper.min.js.map
---
2022/12/26 21:14:18 [error] [exception.CHttpException.404] CHttpException: Unable to resolve the request "assets/vendor/datetimepicker/moment-with-locales.min.js.map". in /home/devindiit/public_html/your_baking_connection/framework/web/CWebApplication.php:286
Stack trace:
#0 /home/devindiit/public_html/your_baking_connection/framework/web/CWebApplication.php(141): CWebApplication->runController('assets/vendor/d...')
#1 /home/devindiit/public_html/your_baking_connection/framework/base/CApplication.php(185): CWebApplication->processRequest()
#2 /home/devindiit/public_html/your_baking_connection/backoffice/index.php(17): CApplication->run()
#3 {main}
REQUEST_URI=/your_baking_connection/backoffice/assets/vendor/datetimepicker/moment-with-locales.min.js.map
---
2022/12/26 21:14:18 [error] [exception.CHttpException.404] CHttpException: Unable to resolve the request "assets/vendor/axios.min.map". in /home/devindiit/public_html/your_baking_connection/framework/web/CWebApplication.php:286
Stack trace:
#0 /home/devindiit/public_html/your_baking_connection/framework/web/CWebApplication.php(141): CWebApplication->runController('assets/vendor/a...')
#1 /home/devindiit/public_html/your_baking_connection/framework/base/CApplication.php(185): CWebApplication->processRequest()
#2 /home/devindiit/public_html/your_baking_connection/backoffice/index.php(17): CApplication->run()
#3 {main}
REQUEST_URI=/your_baking_connection/backoffice/assets/vendor/axios.min.map
---
2022/12/26 21:14:18 [error] [exception.CHttpException.404] CHttpException: Unable to resolve the request "assets/vendor/vuedraggable.umd.min.js.map". in /home/devindiit/public_html/your_baking_connection/framework/web/CWebApplication.php:286
Stack trace:
#0 /home/devindiit/public_html/your_baking_connection/framework/web/CWebApplication.php(141): CWebApplication->runController('assets/vendor/v...')
#1 /home/devindiit/public_html/your_baking_connection/framework/base/CApplication.php(185): CWebApplication->processRequest()
#2 /home/devindiit/public_html/your_baking_connection/backoffice/index.php(17): CApplication->run()
#3 {main}
REQUEST_URI=/your_baking_connection/backoffice/assets/vendor/vuedraggable.umd.min.js.map
---
2022/12/26 21:14:18 [error] [exception.CHttpException.404] CHttpException: Unable to resolve the request "assets/vendor/element-plus/index.full.min.js.map". in /home/devindiit/public_html/your_baking_connection/framework/web/CWebApplication.php:286
Stack trace:
#0 /home/devindiit/public_html/your_baking_connection/framework/web/CWebApplication.php(141): CWebApplication->runController('assets/vendor/e...')
#1 /home/devindiit/public_html/your_baking_connection/framework/base/CApplication.php(185): CWebApplication->processRequest()
#2 /home/devindiit/public_html/your_baking_connection/backoffice/index.php(17): CApplication->run()
#3 {main}
REQUEST_URI=/your_baking_connection/backoffice/assets/vendor/element-plus/index.full.min.js.map
---
2022/12/26 21:14:38 [error] [exception.CHttpException.404] CHttpException: Unable to resolve the request "assets/vendor/popper.min.js.map". in /home/devindiit/public_html/your_baking_connection/framework/web/CWebApplication.php:286
Stack trace:
#0 /home/devindiit/public_html/your_baking_connection/framework/web/CWebApplication.php(141): CWebApplication->runController('assets/vendor/p...')
#1 /home/devindiit/public_html/your_baking_connection/framework/base/CApplication.php(185): CWebApplication->processRequest()
#2 /home/devindiit/public_html/your_baking_connection/backoffice/index.php(17): CApplication->run()
#3 {main}
REQUEST_URI=/your_baking_connection/backoffice/assets/vendor/popper.min.js.map
---
2022/12/26 21:14:39 [error] [exception.CHttpException.404] CHttpException: Unable to resolve the request "assets/vendor/datetimepicker/moment-with-locales.min.js.map". in /home/devindiit/public_html/your_baking_connection/framework/web/CWebApplication.php:286
Stack trace:
#0 /home/devindiit/public_html/your_baking_connection/framework/web/CWebApplication.php(141): CWebApplication->runController('assets/vendor/d...')
#1 /home/devindiit/public_html/your_baking_connection/framework/base/CApplication.php(185): CWebApplication->processRequest()
#2 /home/devindiit/public_html/your_baking_connection/backoffice/index.php(17): CApplication->run()
#3 {main}
REQUEST_URI=/your_baking_connection/backoffice/assets/vendor/datetimepicker/moment-with-locales.min.js.map
---
2022/12/26 21:14:40 [error] [exception.CHttpException.404] CHttpException: Unable to resolve the request "assets/vendor/axios.min.map". in /home/devindiit/public_html/your_baking_connection/framework/web/CWebApplication.php:286
Stack trace:
#0 /home/devindiit/public_html/your_baking_connection/framework/web/CWebApplication.php(141): CWebApplication->runController('assets/vendor/a...')
#1 /home/devindiit/public_html/your_baking_connection/framework/base/CApplication.php(185): CWebApplication->processRequest()
#2 /home/devindiit/public_html/your_baking_connection/backoffice/index.php(17): CApplication->run()
#3 {main}
REQUEST_URI=/your_baking_connection/backoffice/assets/vendor/axios.min.map
---
2022/12/26 21:14:40 [error] [exception.CHttpException.404] CHttpException: Unable to resolve the request "assets/vendor/vuedraggable.umd.min.js.map". in /home/devindiit/public_html/your_baking_connection/framework/web/CWebApplication.php:286
Stack trace:
#0 /home/devindiit/public_html/your_baking_connection/framework/web/CWebApplication.php(141): CWebApplication->runController('assets/vendor/v...')
#1 /home/devindiit/public_html/your_baking_connection/framework/base/CApplication.php(185): CWebApplication->processRequest()
#2 /home/devindiit/public_html/your_baking_connection/backoffice/index.php(17): CApplication->run()
#3 {main}
REQUEST_URI=/your_baking_connection/backoffice/assets/vendor/vuedraggable.umd.min.js.map
---
2022/12/26 21:14:40 [error] [exception.CHttpException.404] CHttpException: Unable to resolve the request "assets/vendor/element-plus/index.full.min.js.map". in /home/devindiit/public_html/your_baking_connection/framework/web/CWebApplication.php:286
Stack trace:
#0 /home/devindiit/public_html/your_baking_connection/framework/web/CWebApplication.php(141): CWebApplication->runController('assets/vendor/e...')
#1 /home/devindiit/public_html/your_baking_connection/framework/base/CApplication.php(185): CWebApplication->processRequest()
#2 /home/devindiit/public_html/your_baking_connection/backoffice/index.php(17): CApplication->run()
#3 {main}
REQUEST_URI=/your_baking_connection/backoffice/assets/vendor/element-plus/index.full.min.js.map
---
2022/12/26 21:14:59 [error] [exception.CHttpException.404] CHttpException: Unable to resolve the request "assets/vendor/popper.min.js.map". in /home/devindiit/public_html/your_baking_connection/framework/web/CWebApplication.php:286
Stack trace:
#0 /home/devindiit/public_html/your_baking_connection/framework/web/CWebApplication.php(141): CWebApplication->runController('assets/vendor/p...')
#1 /home/devindiit/public_html/your_baking_connection/framework/base/CApplication.php(185): CWebApplication->processRequest()
#2 /home/devindiit/public_html/your_baking_connection/backoffice/index.php(17): CApplication->run()
#3 {main}
REQUEST_URI=/your_baking_connection/backoffice/assets/vendor/popper.min.js.map
---
2022/12/26 21:15:01 [error] [exception.CHttpException.404] CHttpException: Unable to resolve the request "assets/vendor/datetimepicker/moment-with-locales.min.js.map". in /home/devindiit/public_html/your_baking_connection/framework/web/CWebApplication.php:286
Stack trace:
#0 /home/devindiit/public_html/your_baking_connection/framework/web/CWebApplication.php(141): CWebApplication->runController('assets/vendor/d...')
#1 /home/devindiit/public_html/your_baking_connection/framework/base/CApplication.php(185): CWebApplication->processRequest()
#2 /home/devindiit/public_html/your_baking_connection/backoffice/index.php(17): CApplication->run()
#3 {main}
REQUEST_URI=/your_baking_connection/backoffice/assets/vendor/datetimepicker/moment-with-locales.min.js.map
---
2022/12/26 21:15:01 [error] [exception.CHttpException.404] CHttpException: Unable to resolve the request "assets/vendor/axios.min.map". in /home/devindiit/public_html/your_baking_connection/framework/web/CWebApplication.php:286
Stack trace:
#0 /home/devindiit/public_html/your_baking_connection/framework/web/CWebApplication.php(141): CWebApplication->runController('assets/vendor/a...')
#1 /home/devindiit/public_html/your_baking_connection/framework/base/CApplication.php(185): CWebApplication->processRequest()
#2 /home/devindiit/public_html/your_baking_connection/backoffice/index.php(17): CApplication->run()
#3 {main}
REQUEST_URI=/your_baking_connection/backoffice/assets/vendor/axios.min.map
---
2022/12/26 21:15:01 [error] [exception.CHttpException.404] CHttpException: Unable to resolve the request "assets/vendor/vuedraggable.umd.min.js.map". in /home/devindiit/public_html/your_baking_connection/framework/web/CWebApplication.php:286
Stack trace:
#0 /home/devindiit/public_html/your_baking_connection/framework/web/CWebApplication.php(141): CWebApplication->runController('assets/vendor/v...')
#1 /home/devindiit/public_html/your_baking_connection/framework/base/CApplication.php(185): CWebApplication->processRequest()
#2 /home/devindiit/public_html/your_baking_connection/backoffice/index.php(17): CApplication->run()
#3 {main}
REQUEST_URI=/your_baking_connection/backoffice/assets/vendor/vuedraggable.umd.min.js.map
---
2022/12/26 21:15:01 [error] [exception.CHttpException.404] CHttpException: Unable to resolve the request "assets/vendor/element-plus/index.full.min.js.map". in /home/devindiit/public_html/your_baking_connection/framework/web/CWebApplication.php:286
Stack trace:
#0 /home/devindiit/public_html/your_baking_connection/framework/web/CWebApplication.php(141): CWebApplication->runController('assets/vendor/e...')
#1 /home/devindiit/public_html/your_baking_connection/framework/base/CApplication.php(185): CWebApplication->processRequest()
#2 /home/devindiit/public_html/your_baking_connection/backoffice/index.php(17): CApplication->run()
#3 {main}
REQUEST_URI=/your_baking_connection/backoffice/assets/vendor/element-plus/index.full.min.js.map
---
2022/12/26 21:17:05 [error] [exception.CHttpException.404] CHttpException: Unable to resolve the request "assets/vendor/popper.min.js.map". in /home/devindiit/public_html/your_baking_connection/framework/web/CWebApplication.php:286
Stack trace:
#0 /home/devindiit/public_html/your_baking_connection/framework/web/CWebApplication.php(141): CWebApplication->runController('assets/vendor/p...')
#1 /home/devindiit/public_html/your_baking_connection/framework/base/CApplication.php(185): CWebApplication->processRequest()
#2 /home/devindiit/public_html/your_baking_connection/backoffice/index.php(17): CApplication->run()
#3 {main}
REQUEST_URI=/your_baking_connection/backoffice/assets/vendor/popper.min.js.map
---
2022/12/26 21:17:05 [error] [exception.CHttpException.404] CHttpException: Unable to resolve the request "assets/vendor/datetimepicker/moment-with-locales.min.js.map". in /home/devindiit/public_html/your_baking_connection/framework/web/CWebApplication.php:286
Stack trace:
#0 /home/devindiit/public_html/your_baking_connection/framework/web/CWebApplication.php(141): CWebApplication->runController('assets/vendor/d...')
#1 /home/devindiit/public_html/your_baking_connection/framework/base/CApplication.php(185): CWebApplication->processRequest()
#2 /home/devindiit/public_html/your_baking_connection/backoffice/index.php(17): CApplication->run()
#3 {main}
REQUEST_URI=/your_baking_connection/backoffice/assets/vendor/datetimepicker/moment-with-locales.min.js.map
---
2022/12/26 21:17:07 [error] [exception.CHttpException.404] CHttpException: Unable to resolve the request "assets/vendor/axios.min.map". in /home/devindiit/public_html/your_baking_connection/framework/web/CWebApplication.php:286
Stack trace:
#0 /home/devindiit/public_html/your_baking_connection/framework/web/CWebApplication.php(141): CWebApplication->runController('assets/vendor/a...')
#1 /home/devindiit/public_html/your_baking_connection/framework/base/CApplication.php(185): CWebApplication->processRequest()
#2 /home/devindiit/public_html/your_baking_connection/backoffice/index.php(17): CApplication->run()
#3 {main}
REQUEST_URI=/your_baking_connection/backoffice/assets/vendor/axios.min.map
---
2022/12/26 21:17:07 [error] [exception.CHttpException.404] CHttpException: Unable to resolve the request "assets/vendor/vuedraggable.umd.min.js.map". in /home/devindiit/public_html/your_baking_connection/framework/web/CWebApplication.php:286
Stack trace:
#0 /home/devindiit/public_html/your_baking_connection/framework/web/CWebApplication.php(141): CWebApplication->runController('assets/vendor/v...')
#1 /home/devindiit/public_html/your_baking_connection/framework/base/CApplication.php(185): CWebApplication->processRequest()
#2 /home/devindiit/public_html/your_baking_connection/backoffice/index.php(17): CApplication->run()
#3 {main}
REQUEST_URI=/your_baking_connection/backoffice/assets/vendor/vuedraggable.umd.min.js.map
---
2022/12/26 21:17:07 [error] [exception.CHttpException.404] CHttpException: Unable to resolve the request "assets/vendor/element-plus/index.full.min.js.map". in /home/devindiit/public_html/your_baking_connection/framework/web/CWebApplication.php:286
Stack trace:
#0 /home/devindiit/public_html/your_baking_connection/framework/web/CWebApplication.php(141): CWebApplication->runController('assets/vendor/e...')
#1 /home/devindiit/public_html/your_baking_connection/framework/base/CApplication.php(185): CWebApplication->processRequest()
#2 /home/devindiit/public_html/your_baking_connection/backoffice/index.php(17): CApplication->run()
#3 {main}
REQUEST_URI=/your_baking_connection/backoffice/assets/vendor/element-plus/index.full.min.js.map
---
2022/12/26 21:17:41 [error] [exception.CHttpException.404] CHttpException: Unable to resolve the request "assets/vendor/popper.min.js.map". in /home/devindiit/public_html/your_baking_connection/framework/web/CWebApplication.php:286
Stack trace:
#0 /home/devindiit/public_html/your_baking_connection/framework/web/CWebApplication.php(141): CWebApplication->runController('assets/vendor/p...')
#1 /home/devindiit/public_html/your_baking_connection/framework/base/CApplication.php(185): CWebApplication->processRequest()
#2 /home/devindiit/public_html/your_baking_connection/backoffice/index.php(17): CApplication->run()
#3 {main}
REQUEST_URI=/your_baking_connection/backoffice/assets/vendor/popper.min.js.map
---
2022/12/26 21:17:42 [error] [exception.CHttpException.404] CHttpException: Unable to resolve the request "assets/vendor/datetimepicker/moment-with-locales.min.js.map". in /home/devindiit/public_html/your_baking_connection/framework/web/CWebApplication.php:286
Stack trace:
#0 /home/devindiit/public_html/your_baking_connection/framework/web/CWebApplication.php(141): CWebApplication->runController('assets/vendor/d...')
#1 /home/devindiit/public_html/your_baking_connection/framework/base/CApplication.php(185): CWebApplication->processRequest()
#2 /home/devindiit/public_html/your_baking_connection/backoffice/index.php(17): CApplication->run()
#3 {main}
REQUEST_URI=/your_baking_connection/backoffice/assets/vendor/datetimepicker/moment-with-locales.min.js.map
---
2022/12/26 21:17:42 [error] [exception.CHttpException.404] CHttpException: Unable to resolve the request "assets/vendor/axios.min.map". in /home/devindiit/public_html/your_baking_connection/framework/web/CWebApplication.php:286
Stack trace:
#0 /home/devindiit/public_html/your_baking_connection/framework/web/CWebApplication.php(141): CWebApplication->runController('assets/vendor/a...')
#1 /home/devindiit/public_html/your_baking_connection/framework/base/CApplication.php(185): CWebApplication->processRequest()
#2 /home/devindiit/public_html/your_baking_connection/backoffice/index.php(17): CApplication->run()
#3 {main}
REQUEST_URI=/your_baking_connection/backoffice/assets/vendor/axios.min.map
---
2022/12/26 21:17:43 [error] [exception.CHttpException.404] CHttpException: Unable to resolve the request "assets/vendor/vuedraggable.umd.min.js.map". in /home/devindiit/public_html/your_baking_connection/framework/web/CWebApplication.php:286
Stack trace:
#0 /home/devindiit/public_html/your_baking_connection/framework/web/CWebApplication.php(141): CWebApplication->runController('assets/vendor/v...')
#1 /home/devindiit/public_html/your_baking_connection/framework/base/CApplication.php(185): CWebApplication->processRequest()
#2 /home/devindiit/public_html/your_baking_connection/backoffice/index.php(17): CApplication->run()
#3 {main}
REQUEST_URI=/your_baking_connection/backoffice/assets/vendor/vuedraggable.umd.min.js.map
---
2022/12/26 21:17:43 [error] [exception.CHttpException.404] CHttpException: Unable to resolve the request "assets/vendor/element-plus/index.full.min.js.map". in /home/devindiit/public_html/your_baking_connection/framework/web/CWebApplication.php:286
Stack trace:
#0 /home/devindiit/public_html/your_baking_connection/framework/web/CWebApplication.php(141): CWebApplication->runController('assets/vendor/e...')
#1 /home/devindiit/public_html/your_baking_connection/framework/base/CApplication.php(185): CWebApplication->processRequest()
#2 /home/devindiit/public_html/your_baking_connection/backoffice/index.php(17): CApplication->run()
#3 {main}
REQUEST_URI=/your_baking_connection/backoffice/assets/vendor/element-plus/index.full.min.js.map
---
2022/12/26 21:18:27 [error] [exception.CHttpException.404] CHttpException: Unable to resolve the request "assets/vendor/popper.min.js.map". in /home/devindiit/public_html/your_baking_connection/framework/web/CWebApplication.php:286
Stack trace:
#0 /home/devindiit/public_html/your_baking_connection/framework/web/CWebApplication.php(141): CWebApplication->runController('assets/vendor/p...')
#1 /home/devindiit/public_html/your_baking_connection/framework/base/CApplication.php(185): CWebApplication->processRequest()
#2 /home/devindiit/public_html/your_baking_connection/backoffice/index.php(17): CApplication->run()
#3 {main}
REQUEST_URI=/your_baking_connection/backoffice/assets/vendor/popper.min.js.map
---
2022/12/26 21:18:28 [error] [exception.CHttpException.404] CHttpException: Unable to resolve the request "assets/vendor/datetimepicker/moment-with-locales.min.js.map". in /home/devindiit/public_html/your_baking_connection/framework/web/CWebApplication.php:286
Stack trace:
#0 /home/devindiit/public_html/your_baking_connection/framework/web/CWebApplication.php(141): CWebApplication->runController('assets/vendor/d...')
#1 /home/devindiit/public_html/your_baking_connection/framework/base/CApplication.php(185): CWebApplication->processRequest()
#2 /home/devindiit/public_html/your_baking_connection/backoffice/index.php(17): CApplication->run()
#3 {main}
REQUEST_URI=/your_baking_connection/backoffice/assets/vendor/datetimepicker/moment-with-locales.min.js.map
---
2022/12/26 21:18:28 [error] [exception.CHttpException.404] CHttpException: Unable to resolve the request "assets/vendor/axios.min.map". in /home/devindiit/public_html/your_baking_connection/framework/web/CWebApplication.php:286
Stack trace:
#0 /home/devindiit/public_html/your_baking_connection/framework/web/CWebApplication.php(141): CWebApplication->runController('assets/vendor/a...')
#1 /home/devindiit/public_html/your_baking_connection/framework/base/CApplication.php(185): CWebApplication->processRequest()
#2 /home/devindiit/public_html/your_baking_connection/backoffice/index.php(17): CApplication->run()
#3 {main}
REQUEST_URI=/your_baking_connection/backoffice/assets/vendor/axios.min.map
---
2022/12/26 21:18:29 [error] [exception.CHttpException.404] CHttpException: Unable to resolve the request "assets/vendor/vuedraggable.umd.min.js.map". in /home/devindiit/public_html/your_baking_connection/framework/web/CWebApplication.php:286
Stack trace:
#0 /home/devindiit/public_html/your_baking_connection/framework/web/CWebApplication.php(141): CWebApplication->runController('assets/vendor/v...')
#1 /home/devindiit/public_html/your_baking_connection/framework/base/CApplication.php(185): CWebApplication->processRequest()
#2 /home/devindiit/public_html/your_baking_connection/backoffice/index.php(17): CApplication->run()
#3 {main}
REQUEST_URI=/your_baking_connection/backoffice/assets/vendor/vuedraggable.umd.min.js.map
---
2022/12/26 21:18:29 [error] [exception.CHttpException.404] CHttpException: Unable to resolve the request "assets/vendor/element-plus/index.full.min.js.map". in /home/devindiit/public_html/your_baking_connection/framework/web/CWebApplication.php:286
Stack trace:
#0 /home/devindiit/public_html/your_baking_connection/framework/web/CWebApplication.php(141): CWebApplication->runController('assets/vendor/e...')
#1 /home/devindiit/public_html/your_baking_connection/framework/base/CApplication.php(185): CWebApplication->processRequest()
#2 /home/devindiit/public_html/your_baking_connection/backoffice/index.php(17): CApplication->run()
#3 {main}
REQUEST_URI=/your_baking_connection/backoffice/assets/vendor/element-plus/index.full.min.js.map
---
2022/12/26 21:18:39 [error] [exception.CHttpException.404] CHttpException: Unable to resolve the request "assets/vendor/popper.min.js.map". in /home/devindiit/public_html/your_baking_connection/framework/web/CWebApplication.php:286
Stack trace:
#0 /home/devindiit/public_html/your_baking_connection/framework/web/CWebApplication.php(141): CWebApplication->runController('assets/vendor/p...')
#1 /home/devindiit/public_html/your_baking_connection/framework/base/CApplication.php(185): CWebApplication->processRequest()
#2 /home/devindiit/public_html/your_baking_connection/backoffice/index.php(17): CApplication->run()
#3 {main}
REQUEST_URI=/your_baking_connection/backoffice/assets/vendor/popper.min.js.map
---
2022/12/26 21:18:39 [error] [exception.CHttpException.404] CHttpException: Unable to resolve the request "assets/vendor/datetimepicker/moment-with-locales.min.js.map". in /home/devindiit/public_html/your_baking_connection/framework/web/CWebApplication.php:286
Stack trace:
#0 /home/devindiit/public_html/your_baking_connection/framework/web/CWebApplication.php(141): CWebApplication->runController('assets/vendor/d...')
#1 /home/devindiit/public_html/your_baking_connection/framework/base/CApplication.php(185): CWebApplication->processRequest()
#2 /home/devindiit/public_html/your_baking_connection/backoffice/index.php(17): CApplication->run()
#3 {main}
REQUEST_URI=/your_baking_connection/backoffice/assets/vendor/datetimepicker/moment-with-locales.min.js.map
---
2022/12/26 21:18:41 [error] [exception.CHttpException.404] CHttpException: Unable to resolve the request "assets/vendor/axios.min.map". in /home/devindiit/public_html/your_baking_connection/framework/web/CWebApplication.php:286
Stack trace:
#0 /home/devindiit/public_html/your_baking_connection/framework/web/CWebApplication.php(141): CWebApplication->runController('assets/vendor/a...')
#1 /home/devindiit/public_html/your_baking_connection/framework/base/CApplication.php(185): CWebApplication->processRequest()
#2 /home/devindiit/public_html/your_baking_connection/backoffice/index.php(17): CApplication->run()
#3 {main}
REQUEST_URI=/your_baking_connection/backoffice/assets/vendor/axios.min.map
---
2022/12/26 21:18:41 [error] [exception.CHttpException.404] CHttpException: Unable to resolve the request "assets/vendor/vuedraggable.umd.min.js.map". in /home/devindiit/public_html/your_baking_connection/framework/web/CWebApplication.php:286
Stack trace:
#0 /home/devindiit/public_html/your_baking_connection/framework/web/CWebApplication.php(141): CWebApplication->runController('assets/vendor/v...')
#1 /home/devindiit/public_html/your_baking_connection/framework/base/CApplication.php(185): CWebApplication->processRequest()
#2 /home/devindiit/public_html/your_baking_connection/backoffice/index.php(17): CApplication->run()
#3 {main}
REQUEST_URI=/your_baking_connection/backoffice/assets/vendor/vuedraggable.umd.min.js.map
---
2022/12/26 21:18:41 [error] [exception.CHttpException.404] CHttpException: Unable to resolve the request "assets/vendor/element-plus/index.full.min.js.map". in /home/devindiit/public_html/your_baking_connection/framework/web/CWebApplication.php:286
Stack trace:
#0 /home/devindiit/public_html/your_baking_connection/framework/web/CWebApplication.php(141): CWebApplication->runController('assets/vendor/e...')
#1 /home/devindiit/public_html/your_baking_connection/framework/base/CApplication.php(185): CWebApplication->processRequest()
#2 /home/devindiit/public_html/your_baking_connection/backoffice/index.php(17): CApplication->run()
#3 {main}
REQUEST_URI=/your_baking_connection/backoffice/assets/vendor/element-plus/index.full.min.js.map
---
2022/12/26 21:18:50 [error] [exception.CHttpException.404] CHttpException: Unable to resolve the request "assets/vendor/popper.min.js.map". in /home/devindiit/public_html/your_baking_connection/framework/web/CWebApplication.php:286
Stack trace:
#0 /home/devindiit/public_html/your_baking_connection/framework/web/CWebApplication.php(141): CWebApplication->runController('assets/vendor/p...')
#1 /home/devindiit/public_html/your_baking_connection/framework/base/CApplication.php(185): CWebApplication->processRequest()
#2 /home/devindiit/public_html/your_baking_connection/backoffice/index.php(17): CApplication->run()
#3 {main}
REQUEST_URI=/your_baking_connection/backoffice/assets/vendor/popper.min.js.map
---
2022/12/26 21:18:51 [error] [exception.CHttpException.404] CHttpException: Unable to resolve the request "assets/vendor/datetimepicker/moment-with-locales.min.js.map". in /home/devindiit/public_html/your_baking_connection/framework/web/CWebApplication.php:286
Stack trace:
#0 /home/devindiit/public_html/your_baking_connection/framework/web/CWebApplication.php(141): CWebApplication->runController('assets/vendor/d...')
#1 /home/devindiit/public_html/your_baking_connection/framework/base/CApplication.php(185): CWebApplication->processRequest()
#2 /home/devindiit/public_html/your_baking_connection/backoffice/index.php(17): CApplication->run()
#3 {main}
REQUEST_URI=/your_baking_connection/backoffice/assets/vendor/datetimepicker/moment-with-locales.min.js.map
---
2022/12/26 21:18:51 [error] [exception.CHttpException.404] CHttpException: Unable to resolve the request "assets/vendor/popper.min.js.map". in /home/devindiit/public_html/your_baking_connection/framework/web/CWebApplication.php:286
Stack trace:
#0 /home/devindiit/public_html/your_baking_connection/framework/web/CWebApplication.php(141): CWebApplication->runController('assets/vendor/p...')
#1 /home/devindiit/public_html/your_baking_connection/framework/base/CApplication.php(185): CWebApplication->processRequest()
#2 /home/devindiit/public_html/your_baking_connection/backoffice/index.php(17): CApplication->run()
#3 {main}
REQUEST_URI=/your_baking_connection/backoffice/assets/vendor/popper.min.js.map
---
2022/12/26 21:18:51 [error] [exception.CHttpException.404] CHttpException: Unable to resolve the request "assets/vendor/axios.min.map". in /home/devindiit/public_html/your_baking_connection/framework/web/CWebApplication.php:286
Stack trace:
#0 /home/devindiit/public_html/your_baking_connection/framework/web/CWebApplication.php(141): CWebApplication->runController('assets/vendor/a...')
#1 /home/devindiit/public_html/your_baking_connection/framework/base/CApplication.php(185): CWebApplication->processRequest()
#2 /home/devindiit/public_html/your_baking_connection/backoffice/index.php(17): CApplication->run()
#3 {main}
REQUEST_URI=/your_baking_connection/backoffice/assets/vendor/axios.min.map
---
2022/12/26 21:18:51 [error] [exception.CHttpException.404] CHttpException: Unable to resolve the request "assets/vendor/vuedraggable.umd.min.js.map". in /home/devindiit/public_html/your_baking_connection/framework/web/CWebApplication.php:286
Stack trace:
#0 /home/devindiit/public_html/your_baking_connection/framework/web/CWebApplication.php(141): CWebApplication->runController('assets/vendor/v...')
#1 /home/devindiit/public_html/your_baking_connection/framework/base/CApplication.php(185): CWebApplication->processRequest()
#2 /home/devindiit/public_html/your_baking_connection/backoffice/index.php(17): CApplication->run()
#3 {main}
REQUEST_URI=/your_baking_connection/backoffice/assets/vendor/vuedraggable.umd.min.js.map
---
2022/12/26 21:18:51 [error] [exception.CHttpException.404] CHttpException: Unable to resolve the request "assets/vendor/element-plus/index.full.min.js.map". in /home/devindiit/public_html/your_baking_connection/framework/web/CWebApplication.php:286
Stack trace:
#0 /home/devindiit/public_html/your_baking_connection/framework/web/CWebApplication.php(141): CWebApplication->runController('assets/vendor/e...')
#1 /home/devindiit/public_html/your_baking_connection/framework/base/CApplication.php(185): CWebApplication->processRequest()
#2 /home/devindiit/public_html/your_baking_connection/backoffice/index.php(17): CApplication->run()
#3 {main}
REQUEST_URI=/your_baking_connection/backoffice/assets/vendor/element-plus/index.full.min.js.map
---
2022/12/26 21:19:07 [error] [exception.CHttpException.404] CHttpException: Unable to resolve the request "assets/vendor/popper.min.js.map". in /home/devindiit/public_html/your_baking_connection/framework/web/CWebApplication.php:286
Stack trace:
#0 /home/devindiit/public_html/your_baking_connection/framework/web/CWebApplication.php(141): CWebApplication->runController('assets/vendor/p...')
#1 /home/devindiit/public_html/your_baking_connection/framework/base/CApplication.php(185): CWebApplication->processRequest()
#2 /home/devindiit/public_html/your_baking_connection/backoffice/index.php(17): CApplication->run()
#3 {main}
REQUEST_URI=/your_baking_connection/backoffice/assets/vendor/popper.min.js.map
---
2022/12/26 21:19:08 [error] [exception.CHttpException.404] CHttpException: Unable to resolve the request "assets/vendor/datetimepicker/moment-with-locales.min.js.map". in /home/devindiit/public_html/your_baking_connection/framework/web/CWebApplication.php:286
Stack trace:
#0 /home/devindiit/public_html/your_baking_connection/framework/web/CWebApplication.php(141): CWebApplication->runController('assets/vendor/d...')
#1 /home/devindiit/public_html/your_baking_connection/framework/base/CApplication.php(185): CWebApplication->processRequest()
#2 /home/devindiit/public_html/your_baking_connection/backoffice/index.php(17): CApplication->run()
#3 {main}
REQUEST_URI=/your_baking_connection/backoffice/assets/vendor/datetimepicker/moment-with-locales.min.js.map
---
2022/12/26 21:19:09 [error] [exception.CHttpException.404] CHttpException: Unable to resolve the request "assets/vendor/axios.min.map". in /home/devindiit/public_html/your_baking_connection/framework/web/CWebApplication.php:286
Stack trace:
#0 /home/devindiit/public_html/your_baking_connection/framework/web/CWebApplication.php(141): CWebApplication->runController('assets/vendor/a...')
#1 /home/devindiit/public_html/your_baking_connection/framework/base/CApplication.php(185): CWebApplication->processRequest()
#2 /home/devindiit/public_html/your_baking_connection/backoffice/index.php(17): CApplication->run()
#3 {main}
REQUEST_URI=/your_baking_connection/backoffice/assets/vendor/axios.min.map
---
2022/12/26 21:19:09 [error] [exception.CHttpException.404] CHttpException: Unable to resolve the request "assets/vendor/vuedraggable.umd.min.js.map". in /home/devindiit/public_html/your_baking_connection/framework/web/CWebApplication.php:286
Stack trace:
#0 /home/devindiit/public_html/your_baking_connection/framework/web/CWebApplication.php(141): CWebApplication->runController('assets/vendor/v...')
#1 /home/devindiit/public_html/your_baking_connection/framework/base/CApplication.php(185): CWebApplication->processRequest()
#2 /home/devindiit/public_html/your_baking_connection/backoffice/index.php(17): CApplication->run()
#3 {main}
REQUEST_URI=/your_baking_connection/backoffice/assets/vendor/vuedraggable.umd.min.js.map
---
2022/12/26 21:19:09 [error] [exception.CHttpException.404] CHttpException: Unable to resolve the request "assets/vendor/element-plus/index.full.min.js.map". in /home/devindiit/public_html/your_baking_connection/framework/web/CWebApplication.php:286
Stack trace:
#0 /home/devindiit/public_html/your_baking_connection/framework/web/CWebApplication.php(141): CWebApplication->runController('assets/vendor/e...')
#1 /home/devindiit/public_html/your_baking_connection/framework/base/CApplication.php(185): CWebApplication->processRequest()
#2 /home/devindiit/public_html/your_baking_connection/backoffice/index.php(17): CApplication->run()
#3 {main}
REQUEST_URI=/your_baking_connection/backoffice/assets/vendor/element-plus/index.full.min.js.map
---
2022/12/26 21:19:53 [error] [exception.CHttpException.404] CHttpException: Unable to resolve the request "assets/vendor/popper.min.js.map". in /home/devindiit/public_html/your_baking_connection/framework/web/CWebApplication.php:286
Stack trace:
#0 /home/devindiit/public_html/your_baking_connection/framework/web/CWebApplication.php(141): CWebApplication->runController('assets/vendor/p...')
#1 /home/devindiit/public_html/your_baking_connection/framework/base/CApplication.php(185): CWebApplication->processRequest()
#2 /home/devindiit/public_html/your_baking_connection/backoffice/index.php(17): CApplication->run()
#3 {main}
REQUEST_URI=/your_baking_connection/backoffice/assets/vendor/popper.min.js.map
---
2022/12/26 21:19:55 [error] [exception.CHttpException.404] CHttpException: Unable to resolve the request "assets/vendor/datetimepicker/moment-with-locales.min.js.map". in /home/devindiit/public_html/your_baking_connection/framework/web/CWebApplication.php:286
Stack trace:
#0 /home/devindiit/public_html/your_baking_connection/framework/web/CWebApplication.php(141): CWebApplication->runController('assets/vendor/d...')
#1 /home/devindiit/public_html/your_baking_connection/framework/base/CApplication.php(185): CWebApplication->processRequest()
#2 /home/devindiit/public_html/your_baking_connection/backoffice/index.php(17): CApplication->run()
#3 {main}
REQUEST_URI=/your_baking_connection/backoffice/assets/vendor/datetimepicker/moment-with-locales.min.js.map
---
2022/12/26 21:19:55 [error] [exception.CHttpException.404] CHttpException: Unable to resolve the request "assets/vendor/axios.min.map". in /home/devindiit/public_html/your_baking_connection/framework/web/CWebApplication.php:286
Stack trace:
#0 /home/devindiit/public_html/your_baking_connection/framework/web/CWebApplication.php(141): CWebApplication->runController('assets/vendor/a...')
#1 /home/devindiit/public_html/your_baking_connection/framework/base/CApplication.php(185): CWebApplication->processRequest()
#2 /home/devindiit/public_html/your_baking_connection/backoffice/index.php(17): CApplication->run()
#3 {main}
REQUEST_URI=/your_baking_connection/backoffice/assets/vendor/axios.min.map
---
2022/12/26 21:19:56 [error] [exception.CHttpException.404] CHttpException: Unable to resolve the request "assets/vendor/vuedraggable.umd.min.js.map". in /home/devindiit/public_html/your_baking_connection/framework/web/CWebApplication.php:286
Stack trace:
#0 /home/devindiit/public_html/your_baking_connection/framework/web/CWebApplication.php(141): CWebApplication->runController('assets/vendor/v...')
#1 /home/devindiit/public_html/your_baking_connection/framework/base/CApplication.php(185): CWebApplication->processRequest()
#2 /home/devindiit/public_html/your_baking_connection/backoffice/index.php(17): CApplication->run()
#3 {main}
REQUEST_URI=/your_baking_connection/backoffice/assets/vendor/vuedraggable.umd.min.js.map
---
2022/12/26 21:19:56 [error] [exception.CHttpException.404] CHttpException: Unable to resolve the request "assets/vendor/element-plus/index.full.min.js.map". in /home/devindiit/public_html/your_baking_connection/framework/web/CWebApplication.php:286
Stack trace:
#0 /home/devindiit/public_html/your_baking_connection/framework/web/CWebApplication.php(141): CWebApplication->runController('assets/vendor/e...')
#1 /home/devindiit/public_html/your_baking_connection/framework/base/CApplication.php(185): CWebApplication->processRequest()
#2 /home/devindiit/public_html/your_baking_connection/backoffice/index.php(17): CApplication->run()
#3 {main}
REQUEST_URI=/your_baking_connection/backoffice/assets/vendor/element-plus/index.full.min.js.map
---
2022/12/26 21:20:04 [error] [exception.CHttpException.404] CHttpException: Unable to resolve the request "assets/vendor/popper.min.js.map". in /home/devindiit/public_html/your_baking_connection/framework/web/CWebApplication.php:286
Stack trace:
#0 /home/devindiit/public_html/your_baking_connection/framework/web/CWebApplication.php(141): CWebApplication->runController('assets/vendor/p...')
#1 /home/devindiit/public_html/your_baking_connection/framework/base/CApplication.php(185): CWebApplication->processRequest()
#2 /home/devindiit/public_html/your_baking_connection/backoffice/index.php(17): CApplication->run()
#3 {main}
REQUEST_URI=/your_baking_connection/backoffice/assets/vendor/popper.min.js.map
---
2022/12/26 21:20:05 [error] [exception.CHttpException.404] CHttpException: Unable to resolve the request "assets/vendor/axios.min.map". in /home/devindiit/public_html/your_baking_connection/framework/web/CWebApplication.php:286
Stack trace:
#0 /home/devindiit/public_html/your_baking_connection/framework/web/CWebApplication.php(141): CWebApplication->runController('assets/vendor/a...')
#1 /home/devindiit/public_html/your_baking_connection/framework/base/CApplication.php(185): CWebApplication->processRequest()
#2 /home/devindiit/public_html/your_baking_connection/backoffice/index.php(17): CApplication->run()
#3 {main}
REQUEST_URI=/your_baking_connection/backoffice/assets/vendor/axios.min.map
---
2022/12/26 21:20:05 [error] [exception.CHttpException.404] CHttpException: Unable to resolve the request "assets/vendor/datetimepicker/moment-with-locales.min.js.map". in /home/devindiit/public_html/your_baking_connection/framework/web/CWebApplication.php:286
Stack trace:
#0 /home/devindiit/public_html/your_baking_connection/framework/web/CWebApplication.php(141): CWebApplication->runController('assets/vendor/d...')
#1 /home/devindiit/public_html/your_baking_connection/framework/base/CApplication.php(185): CWebApplication->processRequest()
#2 /home/devindiit/public_html/your_baking_connection/backoffice/index.php(17): CApplication->run()
#3 {main}
REQUEST_URI=/your_baking_connection/backoffice/assets/vendor/datetimepicker/moment-with-locales.min.js.map
---
2022/12/26 21:20:05 [error] [exception.CHttpException.404] CHttpException: Unable to resolve the request "assets/vendor/vuedraggable.umd.min.js.map". in /home/devindiit/public_html/your_baking_connection/framework/web/CWebApplication.php:286
Stack trace:
#0 /home/devindiit/public_html/your_baking_connection/framework/web/CWebApplication.php(141): CWebApplication->runController('assets/vendor/v...')
#1 /home/devindiit/public_html/your_baking_connection/framework/base/CApplication.php(185): CWebApplication->processRequest()
#2 /home/devindiit/public_html/your_baking_connection/backoffice/index.php(17): CApplication->run()
#3 {main}
REQUEST_URI=/your_baking_connection/backoffice/assets/vendor/vuedraggable.umd.min.js.map
---
2022/12/26 21:20:05 [error] [exception.CHttpException.404] CHttpException: Unable to resolve the request "assets/vendor/element-plus/index.full.min.js.map". in /home/devindiit/public_html/your_baking_connection/framework/web/CWebApplication.php:286
Stack trace:
#0 /home/devindiit/public_html/your_baking_connection/framework/web/CWebApplication.php(141): CWebApplication->runController('assets/vendor/e...')
#1 /home/devindiit/public_html/your_baking_connection/framework/base/CApplication.php(185): CWebApplication->processRequest()
#2 /home/devindiit/public_html/your_baking_connection/backoffice/index.php(17): CApplication->run()
#3 {main}
REQUEST_URI=/your_baking_connection/backoffice/assets/vendor/element-plus/index.full.min.js.map
---
2022/12/26 21:20:45 [error] [exception.CHttpException.404] CHttpException: Unable to resolve the request "assets/vendor/popper.min.js.map". in /home/devindiit/public_html/your_baking_connection/framework/web/CWebApplication.php:286
Stack trace:
#0 /home/devindiit/public_html/your_baking_connection/framework/web/CWebApplication.php(141): CWebApplication->runController('assets/vendor/p...')
#1 /home/devindiit/public_html/your_baking_connection/framework/base/CApplication.php(185): CWebApplication->processRequest()
#2 /home/devindiit/public_html/your_baking_connection/backoffice/index.php(17): CApplication->run()
#3 {main}
REQUEST_URI=/your_baking_connection/backoffice/assets/vendor/popper.min.js.map
---
2022/12/26 21:20:46 [error] [exception.CHttpException.404] CHttpException: Unable to resolve the request "assets/vendor/datetimepicker/moment-with-locales.min.js.map". in /home/devindiit/public_html/your_baking_connection/framework/web/CWebApplication.php:286
Stack trace:
#0 /home/devindiit/public_html/your_baking_connection/framework/web/CWebApplication.php(141): CWebApplication->runController('assets/vendor/d...')
#1 /home/devindiit/public_html/your_baking_connection/framework/base/CApplication.php(185): CWebApplication->processRequest()
#2 /home/devindiit/public_html/your_baking_connection/backoffice/index.php(17): CApplication->run()
#3 {main}
REQUEST_URI=/your_baking_connection/backoffice/assets/vendor/datetimepicker/moment-with-locales.min.js.map
---
2022/12/26 21:20:46 [error] [exception.CHttpException.404] CHttpException: Unable to resolve the request "assets/vendor/axios.min.map". in /home/devindiit/public_html/your_baking_connection/framework/web/CWebApplication.php:286
Stack trace:
#0 /home/devindiit/public_html/your_baking_connection/framework/web/CWebApplication.php(141): CWebApplication->runController('assets/vendor/a...')
#1 /home/devindiit/public_html/your_baking_connection/framework/base/CApplication.php(185): CWebApplication->processRequest()
#2 /home/devindiit/public_html/your_baking_connection/backoffice/index.php(17): CApplication->run()
#3 {main}
REQUEST_URI=/your_baking_connection/backoffice/assets/vendor/axios.min.map
---
2022/12/26 21:20:46 [error] [exception.CHttpException.404] CHttpException: Unable to resolve the request "assets/vendor/vuedraggable.umd.min.js.map". in /home/devindiit/public_html/your_baking_connection/framework/web/CWebApplication.php:286
Stack trace:
#0 /home/devindiit/public_html/your_baking_connection/framework/web/CWebApplication.php(141): CWebApplication->runController('assets/vendor/v...')
#1 /home/devindiit/public_html/your_baking_connection/framework/base/CApplication.php(185): CWebApplication->processRequest()
#2 /home/devindiit/public_html/your_baking_connection/backoffice/index.php(17): CApplication->run()
#3 {main}
REQUEST_URI=/your_baking_connection/backoffice/assets/vendor/vuedraggable.umd.min.js.map
---
2022/12/26 21:20:47 [error] [exception.CHttpException.404] CHttpException: Unable to resolve the request "assets/vendor/element-plus/index.full.min.js.map". in /home/devindiit/public_html/your_baking_connection/framework/web/CWebApplication.php:286
Stack trace:
#0 /home/devindiit/public_html/your_baking_connection/framework/web/CWebApplication.php(141): CWebApplication->runController('assets/vendor/e...')
#1 /home/devindiit/public_html/your_baking_connection/framework/base/CApplication.php(185): CWebApplication->processRequest()
#2 /home/devindiit/public_html/your_baking_connection/backoffice/index.php(17): CApplication->run()
#3 {main}
REQUEST_URI=/your_baking_connection/backoffice/assets/vendor/element-plus/index.full.min.js.map
---
2022/12/26 21:21:10 [error] [exception.CHttpException.404] CHttpException: Unable to resolve the request "assets/vendor/popper.min.js.map". in /home/devindiit/public_html/your_baking_connection/framework/web/CWebApplication.php:286
Stack trace:
#0 /home/devindiit/public_html/your_baking_connection/framework/web/CWebApplication.php(141): CWebApplication->runController('assets/vendor/p...')
#1 /home/devindiit/public_html/your_baking_connection/framework/base/CApplication.php(185): CWebApplication->processRequest()
#2 /home/devindiit/public_html/your_baking_connection/backoffice/index.php(17): CApplication->run()
#3 {main}
REQUEST_URI=/your_baking_connection/backoffice/assets/vendor/popper.min.js.map
---
2022/12/26 21:21:49 [error] [exception.CHttpException.404] CHttpException: Unable to resolve the request "assets/vendor/popper.min.js.map". in /home/devindiit/public_html/your_baking_connection/framework/web/CWebApplication.php:286
Stack trace:
#0 /home/devindiit/public_html/your_baking_connection/framework/web/CWebApplication.php(141): CWebApplication->runController('assets/vendor/p...')
#1 /home/devindiit/public_html/your_baking_connection/framework/base/CApplication.php(185): CWebApplication->processRequest()
#2 /home/devindiit/public_html/your_baking_connection/backoffice/index.php(17): CApplication->run()
#3 {main}
REQUEST_URI=/your_baking_connection/backoffice/assets/vendor/popper.min.js.map
---
2022/12/26 21:21:49 [error] [exception.CHttpException.404] CHttpException: Unable to resolve the request "assets/vendor/datetimepicker/moment-with-locales.min.js.map". in /home/devindiit/public_html/your_baking_connection/framework/web/CWebApplication.php:286
Stack trace:
#0 /home/devindiit/public_html/your_baking_connection/framework/web/CWebApplication.php(141): CWebApplication->runController('assets/vendor/d...')
#1 /home/devindiit/public_html/your_baking_connection/framework/base/CApplication.php(185): CWebApplication->processRequest()
#2 /home/devindiit/public_html/your_baking_connection/backoffice/index.php(17): CApplication->run()
#3 {main}
REQUEST_URI=/your_baking_connection/backoffice/assets/vendor/datetimepicker/moment-with-locales.min.js.map
---
2022/12/26 21:21:49 [error] [exception.CHttpException.404] CHttpException: Unable to resolve the request "assets/vendor/axios.min.map". in /home/devindiit/public_html/your_baking_connection/framework/web/CWebApplication.php:286
Stack trace:
#0 /home/devindiit/public_html/your_baking_connection/framework/web/CWebApplication.php(141): CWebApplication->runController('assets/vendor/a...')
#1 /home/devindiit/public_html/your_baking_connection/framework/base/CApplication.php(185): CWebApplication->processRequest()
#2 /home/devindiit/public_html/your_baking_connection/backoffice/index.php(17): CApplication->run()
#3 {main}
REQUEST_URI=/your_baking_connection/backoffice/assets/vendor/axios.min.map
---
2022/12/26 21:21:49 [error] [exception.CHttpException.404] CHttpException: Unable to resolve the request "assets/vendor/vuedraggable.umd.min.js.map". in /home/devindiit/public_html/your_baking_connection/framework/web/CWebApplication.php:286
Stack trace:
#0 /home/devindiit/public_html/your_baking_connection/framework/web/CWebApplication.php(141): CWebApplication->runController('assets/vendor/v...')
#1 /home/devindiit/public_html/your_baking_connection/framework/base/CApplication.php(185): CWebApplication->processRequest()
#2 /home/devindiit/public_html/your_baking_connection/backoffice/index.php(17): CApplication->run()
#3 {main}
REQUEST_URI=/your_baking_connection/backoffice/assets/vendor/vuedraggable.umd.min.js.map
---
2022/12/26 21:21:49 [error] [exception.CHttpException.404] CHttpException: Unable to resolve the request "assets/vendor/element-plus/index.full.min.js.map". in /home/devindiit/public_html/your_baking_connection/framework/web/CWebApplication.php:286
Stack trace:
#0 /home/devindiit/public_html/your_baking_connection/framework/web/CWebApplication.php(141): CWebApplication->runController('assets/vendor/e...')
#1 /home/devindiit/public_html/your_baking_connection/framework/base/CApplication.php(185): CWebApplication->processRequest()
#2 /home/devindiit/public_html/your_baking_connection/backoffice/index.php(17): CApplication->run()
#3 {main}
REQUEST_URI=/your_baking_connection/backoffice/assets/vendor/element-plus/index.full.min.js.map
---
2022/12/26 22:14:21 [warning] [application] Failed to set unsafe attribute "rememberMe" of "AR_merchant_login".
2022/12/26 22:22:10 [warning] [application] Failed to set unsafe attribute "rememberMe" of "LoginForm".
